"H:/UE4/TreasureAdventure/Content/Player/Character/Muffie_Skeleton.uasset" 0
"H:/UE4/TreasureAdventure/Content/Player/Character/Muffie_Anim_Armature_Walking.uasset" 1
"H:/UE4/TreasureAdventure/Content/Player/Character/Muffie_Anim_Armature_Idle.uasset" 2
"H:/UE4/TreasureAdventure/Content/Player/Character/MuffieMovementBlendSpace1D.uasset" 3
"../../../Engine/Content/EditorBlueprintResources/StandardMacros.uasset" 4
"H:/UE4/TreasureAdventure/Content/Player/Character/MuffieAnimBlueprint.uasset" 5
"H:/UE4/TreasureAdventure/Content/Player/Character/Muffie_Texture.uasset" 6
"H:/UE4/TreasureAdventure/Content/Player/Character/M_Muffie.uasset" 7
"H:/UE4/TreasureAdventure/Content/Player/Character/Muffie_PhysicsAsset.uasset" 8
"H:/UE4/TreasureAdventure/Content/Player/Character/Muffie.uasset" 9
"H:/UE4/TreasureAdventure/Content/Sound/SC_Music.uasset" 10
"H:/UE4/TreasureAdventure/Content/Sound/SC_Master.uasset" 11
"H:/UE4/TreasureAdventure/Content/Sound/SC_SFX.uasset" 12
"H:/UE4/TreasureAdventure/Content/Sound/SFX/SFX_LevelUp.uasset" 13
"H:/UE4/TreasureAdventure/Content/Player/PlayerCharacter.uasset" 14
"H:/UE4/TreasureAdventure/Content/Maps/Level2SequenceIntro.uasset" 15
"H:/UE4/TreasureAdventure/Content/StarterContent/Audio/Fire01.uasset" 16
"../../../Engine/Content/Functions/Engine_MaterialFunctions01/Opacity/CameraDepthFade.uasset" 17
"../../../Engine/Content/EngineMaterials/T_Default_Material_Grid_M.uasset" 18
"../../../Engine/Content/EngineMaterials/T_Default_Material_Grid_N.uasset" 19
"../../../Engine/Content/EngineMaterials/WorldGridMaterial.uasset" 20
"../../../Engine/Content/ArtTools/RenderToTexture/Meshes/S_1_Unit_Plane.uasset" 21
"../../../Engine/Content/EngineMaterials/DefaultMaterial.uasset" 22
"../../../Engine/Content/BasicShapes/Cone.uasset" 23
"../../../Engine/Content/BasicShapes/Cylinder.uasset" 24
"../../../Engine/Content/BasicShapes/Sphere.uasset" 25
"../../../Engine/Content/EditorLandscapeResources/DataLayer.uasset" 26
"../../../Engine/Content/EditorMaterials/GizmoMaterial.uasset" 27
"../../../Engine/Content/EditorMaterials/MAT_Groups_Toggle.uasset" 28
"../../../Engine/Content/EditorMaterials/MAT_Groups_Visibility.uasset" 29
"../../../Engine/Content/EditorMaterials/PreviewShadowIndicator.uasset" 30
"../../../Engine/Content/EditorMaterials/PreviewShadowIndicatorMaterial.uasset" 31
"../../../Engine/Content/EditorMaterials/MatineeGroups/MAT_ColorTrack.uasset" 32
"../../../Engine/Content/EditorMaterials/MatineeGroups/MAT_Groups_Anim.uasset" 33
"../../../Engine/Content/EditorMaterials/MatineeGroups/MAT_Groups_AudioMaster.uasset" 34
"../../../Engine/Content/EditorMaterials/MatineeGroups/MAT_Groups_Director.uasset" 35
"../../../Engine/Content/EditorMaterials/MatineeGroups/MAT_Groups_Event.uasset" 36
"../../../Engine/Content/EditorMaterials/MatineeGroups/MAT_Groups_Fade.uasset" 37
"../../../Engine/Content/EditorMaterials/MatineeGroups/MAT_Groups_Float.uasset" 38
"../../../Engine/Content/EditorMaterials/MatineeGroups/MAT_Groups_Move.uasset" 39
"../../../Engine/Content/EditorMaterials/MatineeGroups/MAT_Groups_Slomo.uasset" 40
"../../../Engine/Content/EditorMaterials/MatineeGroups/MAT_Groups_Sound.uasset" 41
"../../../Engine/Content/EditorMaterials/MatineeGroups/MAT_Groups_Vector.uasset" 42
"../../../Engine/Content/EditorMaterials/ParticleSystems/PSysThumbnail_NoImage.uasset" 43
"../../../Engine/Content/EditorMaterials/ParticleSystems/PSysThumbnail_OOD.uasset" 44
"../../../Engine/Content/EditorMaterials/Camera/CineMat.uasset" 45
"../../../Engine/Content/EditorMaterials/Camera/MI_CineMat_Rig.uasset" 46
"../../../Engine/Content/EditorMeshes/Camera/SM_CraneRig_Arm.uasset" 47
"../../../Engine/Content/EditorMeshes/Camera/SM_CraneRig_Base.uasset" 48
"../../../Engine/Content/EditorMeshes/Camera/SM_CraneRig_Body.uasset" 49
"../../../Engine/Content/EditorMeshes/Camera/SM_CraneRig_Mount.uasset" 50
"../../../Engine/Content/EditorMeshes/Camera/SM_RailRig_Mount.uasset" 51
"../../../Engine/Content/EditorMeshes/Camera/SM_RailRig_Track.uasset" 52
"../../../Engine/Content/EditorResources/BSPVertex.uasset" 53
"../../../Engine/Content/EditorResources/EmptyActor.uasset" 54
"../../../Engine/Content/EditorResources/S_Actor.uasset" 55
"../../../Engine/Content/EditorResources/S_Trigger.uasset" 56
"../../../Engine/Content/EditorResources/AudioIcons/S_AudioComponent.uasset" 57
"../../../Engine/Content/EditorResources/AudioIcons/S_AudioComponent_AutoActivate.uasset" 58
"../../../Engine/Content/EditorResources/LightIcons/S_LightError.uasset" 59
"../../../Engine/Content/EditorResources/SequenceRecorder/Countdown.uasset" 60
"../../../Engine/Content/EditorResources/SequenceRecorder/RecordingIndicator.uasset" 61
"../../../Engine/Content/EditorSounds/Notifications/CompileFailed.uasset" 62
"../../../Engine/Content/EditorSounds/Notifications/CompileFailed_Cue.uasset" 63
"../../../Engine/Content/EditorSounds/Notifications/CompileSuccess.uasset" 64
"../../../Engine/Content/EditorSounds/Notifications/CompileStart_Cue.uasset" 65
"../../../Engine/Content/EditorSounds/Notifications/CompileSuccess_Cue.uasset" 66
"../../../Engine/Content/EngineDamageTypes/DmgTypeBP_Environmental.uasset" 67
"../../../Engine/Content/EngineDebugMaterials/HeatmapGradient.uasset" 68
"../../../Engine/Content/EngineDebugMaterials/BoneWeightMaterial.uasset" 69
"../../../Engine/Content/EngineDebugMaterials/ClothMaterial.uasset" 70
"../../../Engine/Content/EngineDebugMaterials/ClothMaterial_WF.uasset" 71
"../../../Engine/Content/EngineDebugMaterials/DebugEditorMaterial.uasset" 72
"../../../Engine/Content/EngineDebugMaterials/DebugMeshMaterial.uasset" 73
"../../../Engine/Content/EngineDebugMaterials/GeomMaterial.uasset" 74
"../../../Engine/Content/EngineDebugMaterials/M_SimpleTranslucent.uasset" 75
"../../../Engine/Content/EngineFonts/Faces/RobotoBold.uasset" 76
"../../../Engine/Content/EngineFonts/Faces/RobotoBoldItalic.uasset" 77
"../../../Engine/Content/EngineFonts/Faces/RobotoItalic.uasset" 78
"../../../Engine/Content/EngineFonts/Faces/RobotoLight.uasset" 79
"../../../Engine/Content/EngineFonts/Faces/RobotoRegular.uasset" 80
"../../../Engine/Content/EngineFonts/Roboto.uasset" 81
"../../../Engine/Content/EngineFonts/Faces/RobotoTiny.uasset" 82
"../../../Engine/Content/EngineFonts/RobotoTiny.uasset" 83
"../../../Engine/Content/EngineMaterials/BaseFlattenDiffuseMap.uasset" 84
"../../../Engine/Content/EngineMaterials/BaseFlattenEmissiveMap.uasset" 85
"../../../Engine/Content/EngineMaterials/BaseFlattenGrayscaleMap.uasset" 86
"../../../Engine/Content/EngineMaterials/BaseFlattenNormalMap.uasset" 87
"../../../Engine/Content/EngineMaterials/BaseFlattenMaterial.uasset" 88
"../../../Engine/Content/EngineMaterials/DefaultBloomKernel.uasset" 89
"../../../Engine/Content/EngineMaterials/DefaultBokeh.uasset" 90
"../../../Engine/Content/EngineMaterials/DefaultDiffuse.uasset" 91
"../../../Engine/Content/EngineMaterials/DefaultDeferredDecalMaterial.uasset" 92
"../../../Engine/Content/EngineMaterials/DefaultLightFunctionMaterial.uasset" 93
"../../../Engine/Content/Functions/Engine_MaterialFunctions02/Utility/BreakOutFloat2Components.uasset" 94
"../../../Engine/Content/EngineMaterials/DefaultPostProcessMaterial.uasset" 95
"../../../Engine/Content/EngineFonts/RobotoDistanceField.uasset" 96
"../../../Engine/Content/EngineMaterials/DefaultTextMaterialOpaque.uasset" 97
"../../../Engine/Content/EngineMaterials/DefaultWhiteGrid.uasset" 98
"../../../Engine/Content/EngineMaterials/EditorBrushMaterial.uasset" 99
"../../../Engine/Content/EngineMaterials/Good64x64TilingNoiseHighFreq.uasset" 100
"../../../Engine/Content/EngineMaterials/MiniFont.uasset" 101
"../../../Engine/Content/EngineMaterials/InvalidLightmapSettings.uasset" 102
"../../../Engine/Content/EngineMaterials/M_InvalidLightmapSettings.uasset" 103
"../../../Engine/Content/Functions/Engine_MaterialFunctions02/WorldPositionOffset/CameraOffset.uasset" 104
"../../../Engine/Content/EngineMaterials/PhAT_JointLimitMaterial.uasset" 105
"../../../Engine/Content/EngineMaterials/PreintegratedSkinBRDF.uasset" 106
"../../../Engine/Content/EngineMaterials/RemoveSurfaceMaterial.uasset" 107
"../../../Engine/Content/EngineMaterials/WeightMapPlaceholderTexture.uasset" 108
"../../../Engine/Content/EngineResources/WhiteSquareTexture.uasset" 109
"../../../Engine/Content/EngineMaterials/Widget3DPassThrough.uasset" 110
"../../../Engine/Content/EngineMaterials/Widget3DPassThrough_Masked.uasset" 111
"../../../Engine/Content/EngineMaterials/Widget3DPassThrough_Opaque.uasset" 112
"../../../Engine/Content/EngineMaterials/Widget3DPassThrough_Masked_OneSided.uasset" 113
"../../../Engine/Content/EngineMaterials/Widget3DPassThrough_Opaque_OneSided.uasset" 114
"../../../Engine/Content/EngineMaterials/Widget3DPassThrough_Translucent.uasset" 115
"../../../Engine/Content/EngineMaterials/Widget3DPassThrough_Translucent_OneSided.uasset" 116
"../../../Engine/Content/EngineMeshes/Cylinder.uasset" 117
"../../../Engine/Content/EngineResources/Black.uasset" 118
"../../../Engine/Content/EngineResources/DefaultTexture.uasset" 119
"../../../Engine/Content/EngineResources/DefaultTextureCube.uasset" 120
"../../../Engine/Content/EngineResources/DefaultVolumeTexture2D.uasset" 121
"../../../Engine/Content/EngineResources/DefaultVolumeTexture.uasset" 122
"../../../Engine/Content/EngineResources/GradientTexture0.uasset" 123
"../../../Engine/Content/Functions/Engine_MaterialFunctions01/Shading/ConvertFromDiffSpec.uasset" 124
"../../../Engine/Content/Functions/Engine_MaterialFunctions01/Shading/PowerToRoughness.uasset" 125
"../../../Engine/Content/Maps/Templates/Thumbnails/Default.uasset" 126
"../../../Engine/Content/Maps/Templates/Thumbnails/VR-Basic.uasset" 127
"../../../Engine/Content/MobileResources/T_MobileControls_texture.uasset" 128
"../../../Engine/Content/MobileResources/T_MobileMenu2.uasset" 129
"../../../Engine/Content/MobileResources/HUD/AnalogHat.uasset" 130
"../../../Engine/Content/MobileResources/HUD/VirtualJoystick_Background.uasset" 131
"../../../Engine/Content/MobileResources/HUD/VirtualJoystick_Thumb.uasset" 132
"../../../Engine/Content/MobileResources/HUD/DefaultVirtualJoysticks.uasset" 133
"../../../Engine/Content/MobileResources/HUD/LeftVirtualJoystickOnly.uasset" 134
"../../../Engine/Content/MobileResources/HUD/MobileHUDButton1_off.uasset" 135
"../../../Engine/Content/MobileResources/HUD/MobileHUDButton1_on.uasset" 136
"../../../Engine/Content/MobileResources/HUD/MobileHUDButton2_off.uasset" 137
"../../../Engine/Content/MobileResources/HUD/MobileHUDButton2_on.uasset" 138
"../../../Engine/Content/MobileResources/HUD/MobileHUDButton3.uasset" 139
"../../../Engine/Content/MobileResources/HUD/MobileHUDButtonFire.uasset" 140
"../../../Engine/Content/MobileResources/HUD/MobileHUDDirectionPad.uasset" 141
"../../../Engine/Content/MobileResources/HUD/MobileHUDDirectionPad2.uasset" 142
"../../../Engine/Content/MobileResources/HUD/MobileHUDDirectionPad3.uasset" 143
"../../../Engine/Content/MobileResources/HUD/MobileHUDDirectionStick.uasset" 144
"../../../Engine/Content/MobileResources/HUD/T_Castle_ThumbstickInner.uasset" 145
"../../../Engine/Content/MobileResources/HUD/T_Castle_ThumbstickOutter.uasset" 146
"../../../Engine/Content/Tutorial/ContentIntroCurve.uasset" 147
"../../../Engine/Content/Tutorial/Basics/TutorialAssets/icon_tab_Levels_40x.uasset" 148
"../../../Engine/Content/VREditor/LaserPointer/VR_LaserPower_01.uasset" 149
"../../../Engine/Content/VREditor/TransformGizmo/TransformGizmoMaterial.uasset" 150
"../../../Engine/Content/VREditor/TransformGizmo/TranslucentTransformGizmoMaterial.uasset" 151
"../../../Engine/Content/VREditor/TransformGizmo/BoundingBoxCorner.uasset" 152
"../../../Engine/Content/VREditor/TransformGizmo/BoundingBoxEdge.uasset" 153
"../../../Engine/Content/VREditor/TransformGizmo/PlaneTranslationHandle.uasset" 154
"../../../Engine/Content/VREditor/TransformGizmo/Main.uasset" 155
"../../../Engine/Content/VREditor/TransformGizmo/Xray.uasset" 156
"../../../Engine/Content/VREditor/TransformGizmo/SM_Sequencer_Key.uasset" 157
"../../../Engine/Content/VREditor/TransformGizmo/SM_Sequencer_Node.uasset" 158
"../../Plugins/2D/Paper2D/Content/PlaceholderTextures/DummySpriteTexture.uasset" 159
"../../Plugins/2D/Paper2D/Content/DummySprite.uasset" 160
"../../Plugins/2D/Paper2D/Content/DefaultPaperTerrainMaterial.uasset" 161
"../../Plugins/2D/Paper2D/Content/DefaultSpriteMaterial.uasset" 162
"../../Plugins/2D/Paper2D/Content/MaskedUnlitSpriteMaterial.uasset" 163
"../../Plugins/2D/Paper2D/Content/OpaqueUnlitSpriteMaterial.uasset" 164
"../../Plugins/FX/Niagara/Content/DynamicInputs/Bool/ENiagaraBooleanLogicOps.uasset" 165
"../../Plugins/FX/Niagara/Content/Functions/Localspace/ENiagaraOrientationAxis.uasset" 166
"../../Plugins/Runtime/Oculus/OculusVR/Content/Materials/PokeAHoleMaterial.uasset" 167
"../../Plugins/Runtime/Oculus/OculusVR/Content/Textures/GearVRController_AO.uasset" 168
"../../Plugins/Runtime/Oculus/OculusVR/Content/Textures/GearVRController_Color.uasset" 169
"../../Plugins/Runtime/Oculus/OculusVR/Content/Textures/GearVRController_Normal.uasset" 170
"../../Plugins/Runtime/Oculus/OculusVR/Content/Materials/GearVRControllerMaterial.uasset" 171
"../../Plugins/Runtime/Oculus/OculusVR/Content/Meshes/GearVrController.uasset" 172
"../../Plugins/Runtime/Oculus/OculusVR/Content/Textures/touchController_albedo.uasset" 173
"../../Plugins/Runtime/Oculus/OculusVR/Content/Textures/touchController_controlmap.uasset" 174
"../../Plugins/Runtime/Oculus/OculusVR/Content/Materials/touchController_mat.uasset" 175
"../../Plugins/Runtime/Oculus/OculusVR/Content/Meshes/LeftTouchController.uasset" 176
"../../Plugins/Runtime/Oculus/OculusVR/Content/Meshes/RiftHMD.uasset" 177
"../../Plugins/Runtime/Oculus/OculusVR/Content/Meshes/RightTouchController.uasset" 178
"H:/UE4/TreasureAdventure/Content/Blueprint/BP_CompleteLevel.uasset" 179
"H:/UE4/TreasureAdventure/Content/Fonts/CINZELDECORATIVE-BLACK.uasset" 180
"H:/UE4/TreasureAdventure/Content/Fonts/CINZELDECORATIVE-BLACK_Font.uasset" 181
"H:/UE4/TreasureAdventure/Content/Sound/SFX/SFX_ButtonHover.uasset" 182
"H:/UE4/TreasureAdventure/Content/Sound/SFX/SFX_ButtonPressed.uasset" 183
"H:/UE4/TreasureAdventure/Content/Textures/UIGraphics/Buttons/button_disabled.uasset" 184
"H:/UE4/TreasureAdventure/Content/Textures/UIGraphics/Buttons/button_hover.uasset" 185
"H:/UE4/TreasureAdventure/Content/Textures/UIGraphics/Buttons/button_pressed.uasset" 186
"H:/UE4/TreasureAdventure/Content/Textures/UIGraphics/Buttons/PaperPage_Small.uasset" 187
"H:/UE4/TreasureAdventure/Content/Widgets/UIButton.uasset" 188
"H:/UE4/TreasureAdventure/Content/Menu/MenuPlayerController.uasset" 189
"H:/UE4/TreasureAdventure/Content/Textures/UIGraphics/Buttons/checkbox_checked.uasset" 190
"H:/UE4/TreasureAdventure/Content/Textures/UIGraphics/Buttons/checkbox_disabled.uasset" 191
"H:/UE4/TreasureAdventure/Content/Textures/UIGraphics/Buttons/checkbox_unchecked.uasset" 192
"H:/UE4/TreasureAdventure/Content/Widgets/UICheckBox.uasset" 193
"H:/UE4/TreasureAdventure/Content/Menu/Enum/MenuInputType.uasset" 194
"H:/UE4/TreasureAdventure/Content/Textures/UIGraphics/Controller/XBox/XboxOne_A.uasset" 195
"H:/UE4/TreasureAdventure/Content/Widgets/BottomInfoBar.uasset" 196
"H:/UE4/TreasureAdventure/Content/Textures/UIGraphics/Buttons/PaperPage_Large.uasset" 197
"H:/UE4/TreasureAdventure/Content/Widgets/UIArrowLeft.uasset" 198
"H:/UE4/TreasureAdventure/Content/Textures/UIGraphics/Buttons/buttonRight_default.uasset" 199
"H:/UE4/TreasureAdventure/Content/Textures/UIGraphics/Buttons/buttonRight_disabled.uasset" 200
"H:/UE4/TreasureAdventure/Content/Textures/UIGraphics/Buttons/buttonRight_hover.uasset" 201
"H:/UE4/TreasureAdventure/Content/Textures/UIGraphics/Buttons/buttonRight_pressed.uasset" 202
"H:/UE4/TreasureAdventure/Content/Widgets/UIArrowRight.uasset" 203
"H:/UE4/TreasureAdventure/Content/Sound/SoundMix.uasset" 204
"H:/UE4/TreasureAdventure/Content/Textures/UIGraphics/Controller/MouseKeyboard/Keyboard_Black_Arrow_Down.uasset" 205
"H:/UE4/TreasureAdventure/Content/Textures/UIGraphics/Controller/MouseKeyboard/Keyboard_Black_Arrow_Left.uasset" 206
"H:/UE4/TreasureAdventure/Content/Textures/UIGraphics/Controller/MouseKeyboard/Keyboard_Black_Arrow_Right.uasset" 207
"H:/UE4/TreasureAdventure/Content/Textures/UIGraphics/Controller/MouseKeyboard/Keyboard_Black_Arrow_Up.uasset" 208
"H:/UE4/TreasureAdventure/Content/Textures/UIGraphics/Controller/MouseKeyboard/Keyboard_Black_Enter.uasset" 209
"H:/UE4/TreasureAdventure/Content/Textures/UIGraphics/Controller/MouseKeyboard/Keyboard_Black_Esc.uasset" 210
"H:/UE4/TreasureAdventure/Content/Textures/UIGraphics/Controller/PS4_ICONS/PS4_Circle.uasset" 211
"H:/UE4/TreasureAdventure/Content/Textures/UIGraphics/Controller/PS4_ICONS/PS4_Cross.uasset" 212
"H:/UE4/TreasureAdventure/Content/Textures/UIGraphics/Controller/PS4_ICONS/PS4_Dpad_Down.uasset" 213
"H:/UE4/TreasureAdventure/Content/Textures/UIGraphics/Controller/PS4_ICONS/PS4_Dpad_Left.uasset" 214
"H:/UE4/TreasureAdventure/Content/Textures/UIGraphics/Controller/PS4_ICONS/PS4_Dpad_Right.uasset" 215
"H:/UE4/TreasureAdventure/Content/Textures/UIGraphics/Controller/PS4_ICONS/PS4_Dpad_Up.uasset" 216
"H:/UE4/TreasureAdventure/Content/Textures/UIGraphics/Controller/XBox/XboxOne_B.uasset" 217
"H:/UE4/TreasureAdventure/Content/Textures/UIGraphics/Controller/XBox/XboxOne_Dpad_Down.uasset" 218
"H:/UE4/TreasureAdventure/Content/Textures/UIGraphics/Controller/XBox/XboxOne_Dpad_Left.uasset" 219
"H:/UE4/TreasureAdventure/Content/Textures/UIGraphics/Controller/XBox/XboxOne_Dpad_Right.uasset" 220
"H:/UE4/TreasureAdventure/Content/Textures/UIGraphics/Controller/XBox/XboxOne_Dpad_Up.uasset" 221
"H:/UE4/TreasureAdventure/Content/Textures/UIGraphics/Controller/XBox/XboxOne_Menu.uasset" 222
"H:/UE4/TreasureAdventure/Content/Widgets/W_Settings.uasset" 223
"H:/UE4/TreasureAdventure/Content/Textures/Coin.uasset" 224
"H:/UE4/TreasureAdventure/Content/Textures/muffieHeadIcon.uasset" 225
"H:/UE4/TreasureAdventure/Content/Textures/StarCollected.uasset" 226
"H:/UE4/TreasureAdventure/Content/Textures/StarNotCollected.uasset" 227
"H:/UE4/TreasureAdventure/Content/Widgets/PlayerHUD.uasset" 228
"H:/UE4/TreasureAdventure/Content/Widgets/W_PauseMenu.uasset" 229
"H:/UE4/TreasureAdventure/Content/Player/PlayerController_BP.uasset" 230
"H:/UE4/TreasureAdventure/Content/Textures/UIGraphics/Controller/MouseKeyboard/Keyboard_Black_A.uasset" 231
"H:/UE4/TreasureAdventure/Content/Textures/UIGraphics/Controller/MouseKeyboard/Keyboard_Black_D.uasset" 232
"H:/UE4/TreasureAdventure/Content/Textures/UIGraphics/Controller/MouseKeyboard/Keyboard_Black_Mouse_Simple.uasset" 233
"H:/UE4/TreasureAdventure/Content/Textures/UIGraphics/Controller/MouseKeyboard/Keyboard_Black_S.uasset" 234
"H:/UE4/TreasureAdventure/Content/Textures/UIGraphics/Controller/MouseKeyboard/Keyboard_Black_W.uasset" 235
"H:/UE4/TreasureAdventure/Content/Textures/UIGraphics/Controller/PS4_ICONS/PS4_Left_Stick.uasset" 236
"H:/UE4/TreasureAdventure/Content/Textures/UIGraphics/Controller/PS4_ICONS/PS4_Right_Stick.uasset" 237
"H:/UE4/TreasureAdventure/Content/Textures/UIGraphics/Controller/XBox/XboxOne_Left_Stick.uasset" 238
"H:/UE4/TreasureAdventure/Content/Textures/UIGraphics/Controller/XBox/XboxOne_Right_Stick.uasset" 239
"H:/UE4/TreasureAdventure/Content/Widgets/DataTable/InfoBoxImageDataTable.uasset" 240
"H:/UE4/TreasureAdventure/Content/Widgets/DataTable/BP_RTB_ImgD.uasset" 241
"H:/UE4/TreasureAdventure/Content/Widgets/DataTable/InfoBoxTextDataTable.uasset" 242
"H:/UE4/TreasureAdventure/Content/Widgets/InfoBox.uasset" 243
"H:/UE4/TreasureAdventure/Content/Blueprint/BP_InfoBox.uasset" 244
"../../../Engine/Content/EngineSky/C_Sky_Cloud_Color.uasset" 245
"../../../Engine/Content/EngineSky/C_Sky_Horizon_Color.uasset" 246
"../../../Engine/Content/EngineSky/C_Sky_Zenith_Color.uasset" 247
"../../../Engine/Content/EngineSky/T_Sky_Blue.uasset" 248
"../../../Engine/Content/EngineSky/T_Sky_Clouds_M.uasset" 249
"../../../Engine/Content/EngineSky/T_Sky_Stars.uasset" 250
"../../../Engine/Content/EngineSky/M_Sky_Panning_Clouds2.uasset" 251
"../../../Engine/Content/EngineSky/SM_SkySphere.uasset" 252
"../../../Engine/Content/EngineSky/BP_Sky_Sphere.uasset" 253
"H:/UE4/TreasureAdventure/Content/Materials/M_Gold.uasset" 254
"H:/UE4/TreasureAdventure/Content/Meshes/coin.uasset" 255
"H:/UE4/TreasureAdventure/Content/Sound/SFX/SFX_CollectingCoin.uasset" 256
"H:/UE4/TreasureAdventure/Content/Collectable/Coin.uasset" 257
"H:/UE4/TreasureAdventure/Content/Materials/M_Star.uasset" 258
"H:/UE4/TreasureAdventure/Content/Materials/M_Star_Green.uasset" 259
"H:/UE4/TreasureAdventure/Content/Meshes/star.uasset" 260
"H:/UE4/TreasureAdventure/Content/Sound/SFX/SFX_CollectingStar.uasset" 261
"H:/UE4/TreasureAdventure/Content/Collectable/Star.uasset" 262
"H:/UE4/TreasureAdventure/Content/Player/OrbitCamera.uasset" 263
"H:/UE4/TreasureAdventure/Content/Player/PlayerGemeMode.uasset" 264
"H:/UE4/TreasureAdventure/Content/Maps/Level1_BuiltData.uasset" 265
"H:/UE4/TreasureAdventure/Content/Foliage/M_FlowerGreen.uasset" 266
"H:/UE4/TreasureAdventure/Content/Foliage/M_FlowerRed.uasset" 267
"H:/UE4/TreasureAdventure/Content/Foliage/M_FlowerYellow.uasset" 268
"H:/UE4/TreasureAdventure/Content/Foliage/flowers.uasset" 269
"H:/UE4/TreasureAdventure/Content/Foliage/M_Grass.uasset" 270
"H:/UE4/TreasureAdventure/Content/Foliage/grass.uasset" 271
"H:/UE4/TreasureAdventure/Content/Materials/M_GrassSide.uasset" 272
"H:/UE4/TreasureAdventure/Content/Materials/M_GroundDark.uasset" 273
"H:/UE4/TreasureAdventure/Content/Materials/M_GroundGrass.uasset" 274
"H:/UE4/TreasureAdventure/Content/Materials/M_GroundLight.uasset" 275
"H:/UE4/TreasureAdventure/Content/Materials/M_Water.uasset" 276
"H:/UE4/TreasureAdventure/Content/Maps/Worlds/world1.uasset" 277
"H:/UE4/TreasureAdventure/Content/Materials/M_Wood.uasset" 278
"H:/UE4/TreasureAdventure/Content/Meshes/boat.uasset" 279
"H:/UE4/TreasureAdventure/Content/Materials/M_Stone.uasset" 280
"H:/UE4/TreasureAdventure/Content/Meshes/stone1.uasset" 281
"H:/UE4/TreasureAdventure/Content/Meshes/stone2.uasset" 282
"H:/UE4/TreasureAdventure/Content/Meshes/stone3.uasset" 283
"H:/UE4/TreasureAdventure/Content/Meshes/stone4.uasset" 284
"H:/UE4/TreasureAdventure/Content/Meshes/stone5.uasset" 285
"H:/UE4/TreasureAdventure/Content/Meshes/stone6.uasset" 286
"H:/UE4/TreasureAdventure/Content/Meshes/stone7.uasset" 287
"H:/UE4/TreasureAdventure/Content/Meshes/stone8.uasset" 288
"H:/UE4/TreasureAdventure/Content/Meshes/tree1.uasset" 289
"H:/UE4/TreasureAdventure/Content/Meshes/tree2.uasset" 290
"H:/UE4/TreasureAdventure/Content/Materials/M_WoodLight.uasset" 291
"H:/UE4/TreasureAdventure/Content/Meshes/wood1.uasset" 292
"H:/UE4/TreasureAdventure/Content/Materials/M_WoodInside.uasset" 293
"H:/UE4/TreasureAdventure/Content/Meshes/wood2.uasset" 294
"H:/UE4/TreasureAdventure/Content/Materials/M_Metal.uasset" 295
"H:/UE4/TreasureAdventure/Content/Meshes/woodenelevator.uasset" 296
"H:/UE4/TreasureAdventure/Content/Meshes/woodenWatchTower.uasset" 297
"H:/UE4/TreasureAdventure/Content/Sound/Music/music3_intro.uasset" 298
"H:/UE4/TreasureAdventure/Content/Maps/Level1.umap" 299
"H:/UE4/TreasureAdventure/Content/Textures/fire.uasset" 300
"H:/UE4/TreasureAdventure/Content/Materials/M_Fire.uasset" 301
"../../Plugins/FX/Niagara/Content/DefaultAssets/DefaultSpriteMaterial.uasset" 302
"../../Plugins/FX/Niagara/Content/DynamicInputs/TypeConversions/VectorFromFloat.uasset" 303
"../../Plugins/FX/Niagara/Content/Functions/RandomRange.uasset" 304
"../../Plugins/FX/Niagara/Content/DynamicInputs/UniformRange/UniformRangedFloat.uasset" 305
"../../Plugins/FX/Niagara/Content/DynamicInputs/UniformRange/UniformRangedInt.uasset" 306
"../../Plugins/FX/Niagara/Content/DynamicInputs/UniformRange/UniformRangedVector.uasset" 307
"../../Plugins/FX/Niagara/Content/DynamicInputs/ValueFromCurve/ColorFromCurve.uasset" 308
"../../Plugins/FX/Niagara/Content/DynamicInputs/ValueFromCurve/FloatFromCurve.uasset" 309
"../../Plugins/FX/Niagara/Content/Functions/Emitter/EmitterChangeState.uasset" 310
"../../Plugins/FX/Niagara/Content/Modules/Emitter/EmitterLifeCycle.uasset" 311
"../../Plugins/FX/Niagara/Content/Modules/Emitter/SpawnBurst_Instantaneous.uasset" 312
"../../Plugins/FX/Niagara/Content/Modules/Emitter/SpawnRate.uasset" 313
"../../Plugins/FX/Niagara/Content/Functions/DirectionAndLengthSafe.uasset" 314
"../../Plugins/FX/Niagara/Content/Functions/Localspace/NF_InitialParticlePosition.uasset" 315
"../../Plugins/FX/Niagara/Content/Functions/Rotation/AxisAngleToQuaternion.uasset" 316
"../../Plugins/FX/Niagara/Content/Functions/Rotation/MultiplyQuaternion.uasset" 317
"../../Plugins/FX/Niagara/Content/Functions/Rotation/QuaternionToAxisAngle.uasset" 318
"../../Plugins/FX/Niagara/Content/Modules/Solvers/SolveForcesAndVelocity.uasset" 319
"../../Plugins/FX/Niagara/Content/Functions/Localspace/ENiagaraCoordinateSpace.uasset" 320
"../../Plugins/FX/Niagara/Content/Functions/Localspace/NF_TransformBase.uasset" 321
"../../Plugins/FX/Niagara/Content/Functions/Localspace/NF_TransformVector.uasset" 322
"../../Plugins/FX/Niagara/Content/Functions/Rotation/RotateAngleOnAxis.uasset" 323
"../../Plugins/FX/Niagara/Content/Modules/Spawn/Location/BoxLocation.uasset" 324
"../../Plugins/FX/Niagara/Content/Functions/Rotation/EulerToQuaternion.uasset" 325
"../../Plugins/FX/Niagara/Content/Functions/Rotation/FindQuatBetween.uasset" 326
"../../Plugins/FX/Niagara/Content/Modules/Spawn/Orientation/InitialMeshRotation.uasset" 327
"../../Plugins/FX/Niagara/Content/Functions/Localspace/NF_TransformOffset.uasset" 328
"../../Plugins/FX/Niagara/Content/Modules/Spawn/Velocity/AddVelocity.uasset" 329
"../../Plugins/FX/Niagara/Content/Modules/Update/Color/Color.uasset" 330
"../../Plugins/FX/Niagara/Content/Modules/Update/Lifetime/UpdateAge.uasset" 331
"../../Plugins/FX/Niagara/Content/Modules/Update/Orientation/MeshRotationRate.uasset" 332
"../../Plugins/FX/Niagara/Content/Modules/Update/Size/MeshSizeScale.uasset" 333
"../../../Engine/Content/EngineMeshes/Sphere.uasset" 334
"H:/UE4/TreasureAdventure/Content/Effects/PEN_Flames.uasset" 335
"../../Plugins/FX/Niagara/Content/DynamicInputs/TypeConversions/Vector2DFromFloat.uasset" 336
"../../Plugins/FX/Niagara/Content/Functions/GaussianRandomFloat.uasset" 337
"../../Plugins/FX/Niagara/Content/Functions/GaussianRandomVector.uasset" 338
"../../Plugins/FX/Niagara/Content/Functions/RandomVector.uasset" 339
"../../Plugins/FX/Niagara/Content/Modules/Spawn/Location/SphereLocation.uasset" 340
"../../Plugins/FX/Niagara/Content/Functions/FindAngleBetweenVectors.uasset" 341
"../../Plugins/FX/Niagara/Content/Functions/Masks/ConeMask.uasset" 342
"../../Plugins/FX/Niagara/Content/Modules/Update/Forces/CurlNoiseForce.uasset" 343
"../../Plugins/FX/Niagara/Content/Functions/NormalizeDistanceRange.uasset" 344
"../../Plugins/FX/Niagara/Content/Modules/Update/Forces/VortexForce.uasset" 345
"H:/UE4/TreasureAdventure/Content/Effects/PN_Fire_Embers.uasset" 346
"../../Plugins/FX/Niagara/Content/Functions/System/SystemChangeState.uasset" 347
"../../Plugins/FX/Niagara/Content/Modules/System/SystemLifeCycle.uasset" 348
"H:/UE4/TreasureAdventure/Content/Effects/PSN_Fire.uasset" 349
"H:/UE4/TreasureAdventure/Content/Meshes/wood5.uasset" 350
"H:/UE4/TreasureAdventure/Content/Blueprint/BP_Torch.uasset" 351
"H:/UE4/TreasureAdventure/Content/Maps/Level2_BuiltData.uasset" 352
"H:/UE4/TreasureAdventure/Content/Materials/M_Star_Green2.uasset" 353
"H:/UE4/TreasureAdventure/Content/Maps/Worlds/world2.uasset" 354
"H:/UE4/TreasureAdventure/Content/Meshes/woodenbridge.uasset" 355
"H:/UE4/TreasureAdventure/Content/Sound/Music/music4_loop.uasset" 356
"H:/UE4/TreasureAdventure/Content/Maps/Level2.umap" 357
"H:/UE4/TreasureAdventure/Content/Maps/Level3_BuiltData.uasset" 358
"H:/UE4/TreasureAdventure/Content/Materials/M_Star_Red.uasset" 359
"../../../Engine/Content/BasicShapes/Cube.uasset" 360
"H:/UE4/TreasureAdventure/Content/Meshes/CastleEntrance.uasset" 361
"H:/UE4/TreasureAdventure/Content/Meshes/Well.uasset" 362
"H:/UE4/TreasureAdventure/Content/Materials/M_Window.uasset" 363
"H:/UE4/TreasureAdventure/Content/Meshes/woodenhouse1.uasset" 364
"H:/UE4/TreasureAdventure/Content/Sound/Music/music2_loop.uasset" 365
"H:/UE4/TreasureAdventure/Content/Maps/Level3.umap" 366
"H:/UE4/TreasureAdventure/Content/StarterContent/Audio/Fire01_Cue.uasset" 367
"H:/UE4/TreasureAdventure/Content/StarterContent/Textures/T_Fire_SubUV.uasset" 368
"H:/UE4/TreasureAdventure/Content/StarterContent/Textures/T_Fire_Tiled_D.uasset" 369
"H:/UE4/TreasureAdventure/Content/StarterContent/Particles/Materials/M_Fire_SubUV.uasset" 370
"H:/UE4/TreasureAdventure/Content/StarterContent/Textures/T_Water_N.uasset" 371
"H:/UE4/TreasureAdventure/Content/StarterContent/Particles/Materials/M_Heat_Distortion.uasset" 372
"../../../Engine/Content/Functions/Engine_MaterialFunctions01/Gradient/RadialGradient.uasset" 373
"H:/UE4/TreasureAdventure/Content/StarterContent/Particles/Materials/M_Radial_Gradient.uasset" 374
"H:/UE4/TreasureAdventure/Content/StarterContent/Textures/T_Smoke_SubUV.uasset" 375
"H:/UE4/TreasureAdventure/Content/StarterContent/Textures/T_Smoke_Tiled_D.uasset" 376
"H:/UE4/TreasureAdventure/Content/StarterContent/Particles/Materials/M_smoke_subUV.uasset" 377
"H:/UE4/TreasureAdventure/Content/StarterContent/Particles/P_Fire.uasset" 378
"H:/UE4/TreasureAdventure/Content/StarterContent/Blueprints/Blueprint_Effect_Fire.uasset" 379
"H:/UE4/TreasureAdventure/Content/Menu/LevelImages/LevelSelectorStruct.uasset" 380
"H:/UE4/TreasureAdventure/Content/Textures/world1.uasset" 381
"H:/UE4/TreasureAdventure/Content/Textures/world2.uasset" 382
"H:/UE4/TreasureAdventure/Content/Textures/world3.uasset" 383
"H:/UE4/TreasureAdventure/Content/Menu/LevelImages/LevelSelectorDataTable.uasset" 384
"H:/UE4/TreasureAdventure/Content/Textures/Coins.uasset" 385
"H:/UE4/TreasureAdventure/Content/Widgets/W_LevelSelector.uasset" 386
"H:/UE4/TreasureAdventure/Content/Menu/LevelSelectorGameMode.uasset" 387
"H:/UE4/TreasureAdventure/Content/Menu/L_LevelSelector_BuiltData.uasset" 388
"H:/UE4/TreasureAdventure/Content/Textures/SatMaps.uasset" 389
"H:/UE4/TreasureAdventure/Content/Materials/M_MainMenuGround.uasset" 390
"H:/UE4/TreasureAdventure/Content/StarterContent/Textures/T_Perlin_Noise_M.uasset" 391
"H:/UE4/TreasureAdventure/Content/StarterContent/Materials/M_Water_Lake.uasset" 392
"H:/UE4/TreasureAdventure/Content/Effects/PSN_Fire1.uasset" 393
"../../../Engine/Content/BasicShapes/Plane.uasset" 394
"../../../Engine/Content/EngineMaterials/DefaultPhysicalMaterial.uasset" 395
"../../../Engine/Content/Functions/Engine_MaterialFunctions01/WorldPositionOffset/SimpleGrassWind.uasset" 396
"H:/UE4/TreasureAdventure/Content/Foliage/M_FlowerGreen_Menu.uasset" 397
"H:/UE4/TreasureAdventure/Content/Foliage/M_FlowerRed_Menu.uasset" 398
"H:/UE4/TreasureAdventure/Content/Foliage/M_FlowerYellow_Menu.uasset" 399
"H:/UE4/TreasureAdventure/Content/Foliage/Flowers_Menu.uasset" 400
"H:/UE4/TreasureAdventure/Content/Foliage/M_Grass_Menu.uasset" 401
"H:/UE4/TreasureAdventure/Content/Foliage/Grass_Menu.uasset" 402
"H:/UE4/TreasureAdventure/Content/Sound/Music/music5_loop.uasset" 403
"H:/UE4/TreasureAdventure/Content/StarterContent/Particles/P_Smoke.uasset" 404
"H:/UE4/TreasureAdventure/Content/Menu/L_LevelSelector.umap" 405
"H:/UE4/TreasureAdventure/Content/Textures/title.uasset" 406
"H:/UE4/TreasureAdventure/Content/Widgets/W_MainMenu.uasset" 407
"H:/UE4/TreasureAdventure/Content/Menu/MenuGameMode.uasset" 408
"H:/UE4/TreasureAdventure/Content/Menu/L_MainMenu_BuiltData.uasset" 409
"H:/UE4/TreasureAdventure/Content/Menu/L_MainMenu.umap" 410
"../../../Engine/Content/Maps/Entry_BuiltData.uasset" 411
"../../../Engine/Content/Maps/Entry.umap" 412
